<?xml version="1.0" encoding="UTF-8"?>
<testsuite xmlns:xsi="http://www.w3.org/2001/XMLSchema-instance" xsi:noNamespaceSchemaLocation="https://maven.apache.org/surefire/maven-surefire-plugin/xsd/surefire-test-report-3.0.xsd" version="3.0" name="com.daw.DawPizzaClaseApplicationTests" time="4.304" tests="1" errors="0" skipped="0" failures="0">
  <properties>
[...]
</properties>
  <testcase name="contextLoads" classname="com.daw.DawPizzaClaseApplicationTests" time="0.393">
    <system-out><![CDATA[23:15:10.923 [main] INFO org.springframework.test.context.support.AnnotationConfigContextLoaderUtils -- Could not detect default configuration classes for test class [com.daw.DawPizzaClaseApplicationTests]: DawPizzaClaseApplicationTests does not declare any static, non-private, non-final, nested classes annotated with @Configuration.
23:15:11.012 [main] INFO org.springframework.boot.test.context.SpringBootTestContextBootstrapper -- Found @SpringBootConfiguration com.daw.DawPizzaClaseApplication for test class com.daw.DawPizzaClaseApplicationTests
23:15:11.166 [main] INFO org.springframework.boot.devtools.restart.RestartApplicationListener -- Restart disabled due to context in which it is running

  .   ____          _            __ _ _
 /\\ / ___'_ __ _ _(_)_ __  __ _ \ \ \ \
( ( )\___ | '_ | '_| | '_ \/ _` | \ \ \ \
 \\/  ___)| |_)| | | | | || (_| |  ) ) ) )
  '  |____| .__|_| |_|_| |_\__, | / / / /
 =========|_|==============|___/=/_/_/_/

 :: Spring Boot ::                (v3.3.5)

2025-01-19T23:15:11.372+01:00  INFO 13120 --- [daw-pizza-clase] [           main] com.daw.DawPizzaClaseApplicationTests    : Starting DawPizzaClaseApplicationTests using Java 17.0.12 with PID 13120 (started by Victor in C:\Users\Victor\Desktop\daw-pizza-clase)
2025-01-19T23:15:11.373+01:00  INFO 13120 --- [daw-pizza-clase] [           main] com.daw.DawPizzaClaseApplicationTests    : No active profile set, falling back to 1 default profile: "default"
2025-01-19T23:15:11.916+01:00  INFO 13120 --- [daw-pizza-clase] [           main] .s.d.r.c.RepositoryConfigurationDelegate : Bootstrapping Spring Data JPA repositories in DEFAULT mode.
2025-01-19T23:15:11.973+01:00  INFO 13120 --- [daw-pizza-clase] [           main] .s.d.r.c.RepositoryConfigurationDelegate : Finished Spring Data repository scanning in 50 ms. Found 4 JPA repository interfaces.
2025-01-19T23:15:12.374+01:00  INFO 13120 --- [daw-pizza-clase] [           main] o.hibernate.jpa.internal.util.LogHelper  : HHH000204: Processing PersistenceUnitInfo [name: default]
2025-01-19T23:15:12.433+01:00  INFO 13120 --- [daw-pizza-clase] [           main] org.hibernate.Version                    : HHH000412: Hibernate ORM core version 6.5.3.Final
2025-01-19T23:15:12.470+01:00  INFO 13120 --- [daw-pizza-clase] [           main] o.h.c.internal.RegionFactoryInitiator    : HHH000026: Second-level cache disabled
2025-01-19T23:15:12.788+01:00  INFO 13120 --- [daw-pizza-clase] [           main] o.s.o.j.p.SpringPersistenceUnitInfo      : No LoadTimeWeaver setup: ignoring JPA class transformer
2025-01-19T23:15:12.821+01:00  INFO 13120 --- [daw-pizza-clase] [           main] com.zaxxer.hikari.HikariDataSource       : HikariPool-1 - Starting...
2025-01-19T23:15:12.928+01:00  INFO 13120 --- [daw-pizza-clase] [           main] com.zaxxer.hikari.pool.HikariPool        : HikariPool-1 - Added connection org.mariadb.jdbc.Connection@6d421fe
2025-01-19T23:15:12.932+01:00  INFO 13120 --- [daw-pizza-clase] [           main] com.zaxxer.hikari.HikariDataSource       : HikariPool-1 - Start completed.
2025-01-19T23:15:12.968+01:00  WARN 13120 --- [daw-pizza-clase] [           main] org.hibernate.dialect.Dialect            : HHH000511: The 10.3.39 version for [org.hibernate.dialect.MariaDBDialect] is no longer supported, hence certain features may not work properly. The minimum supported version is 10.4.0. Check the community dialects project for available legacy versions.
2025-01-19T23:15:13.779+01:00  INFO 13120 --- [daw-pizza-clase] [           main] o.h.e.t.j.p.i.JtaPlatformInitiator       : HHH000489: No JTA platform available (set 'hibernate.transaction.jta.platform' to enable JTA platform integration)
Hibernate: alter table pedido modify column metodo CHAR(1)
Hibernate: alter table pedido modify column notas VARCHAR(200)
Hibernate: alter table pedido modify column total DECIMAL(6,2)
Hibernate: alter table pizza_pedido modify column cantidad DECIMAL(2,1)
Hibernate: alter table pizza_pedido modify column precio DECIMAL(5,2)
2025-01-19T23:15:13.833+01:00  INFO 13120 --- [daw-pizza-clase] [           main] j.LocalContainerEntityManagerFactoryBean : Initialized JPA EntityManagerFactory for persistence unit 'default'
2025-01-19T23:15:14.102+01:00  INFO 13120 --- [daw-pizza-clase] [           main] o.s.d.j.r.query.QueryEnhancerFactory     : Hibernate is in classpath; If applicable, HQL parser will be used.
2025-01-19T23:15:14.301+01:00  WARN 13120 --- [daw-pizza-clase] [           main] JpaBaseConfiguration$JpaWebConfiguration : spring.jpa.open-in-view is enabled by default. Therefore, database queries may be performed during view rendering. Explicitly configure spring.jpa.open-in-view to disable this warning
2025-01-19T23:15:14.658+01:00  INFO 13120 --- [daw-pizza-clase] [           main] com.daw.DawPizzaClaseApplicationTests    : Started DawPizzaClaseApplicationTests in 3.505 seconds (process running for 4.368)
]]></system-out>
  </testcase>
</testsuite>